<?xml version="1.0" encoding="UTF-8"?>
<!-- Generated by org.testng.reporters.JUnitXMLReporter -->
<testsuite ignored="0" hostname="Shiva" failures="1" tests="7" name="Surefire test" time="59.432" errors="0" timestamp="2024-12-19T17:36:24 IST">
  <testcase classname="ScrollDownTillBottomofPage" name="ScrollDownTillBottomOfPage" time="11.069"/>
  <testcase classname="ScrollDownTillBottomofPage" name="ScrollTillElement" time="8.908"/>
  <testcase classname="ScrollDownTillBottomofPage" name="ScrollTillTopOfPage" time="9.134"/>
  <testcase classname="ScrollDownTillBottomofPage" name="clickAnElement" time="8.561"/>
  <testcase classname="ScrollDownTillBottomofPage" name="launchApplication" time="2.948"/>
  <testcase classname="ScrollDownTillBottomofPage" name="location" time="3.357"/>
  <testcase classname="ScrollDownTillBottomofPage" name="sendKeys" time="15.334">
    <failure type="org.openqa.selenium.NoSuchElementException" message="Unable to find element with locator By.xpath: //input[@id=&amp;apos;twotabsearchtextbox&amp;apos;]
For documentation on this error, please visit: https://www.selenium.dev/documentation/webdriver/troubleshooting/errors#no-such-element-exception
Build info: version: &amp;apos;4.22.0&amp;apos;, revision: &amp;apos;c5f3146703*&amp;apos;
System info: os.name: &amp;apos;Windows 11&amp;apos;, os.arch: &amp;apos;amd64&amp;apos;, os.version: &amp;apos;10.0&amp;apos;, java.version: &amp;apos;17.0.12&amp;apos;
Driver info: driver.version: RemoteWebDriver">
      <![CDATA[org.openqa.selenium.NoSuchElementException: Unable to find element with locator By.xpath: //input[@id='twotabsearchtextbox']
For documentation on this error, please visit: https://www.selenium.dev/documentation/webdriver/troubleshooting/errors#no-such-element-exception
Build info: version: '4.22.0', revision: 'c5f3146703*'
System info: os.name: 'Windows 11', os.arch: 'amd64', os.version: '10.0', java.version: '17.0.12'
Driver info: driver.version: RemoteWebDriver
at org.openqa.selenium.remote.ElementLocation$ElementFinder$2.findElement(ElementLocation.java:168)
at org.openqa.selenium.remote.ElementLocation.findElement(ElementLocation.java:59)
at org.openqa.selenium.remote.RemoteWebDriver.findElement(RemoteWebDriver.java:355)
at org.openqa.selenium.remote.RemoteWebDriver.findElement(RemoteWebDriver.java:349)
at ScrollDownTillBottomofPage.sendKeys(ScrollDownTillBottomofPage.java:117)
at java.base/java.util.ArrayList.forEach(ArrayList.java:1511)
... Removed 32 stack frames]]>
    </failure>
  </testcase> <!-- sendKeys -->
</testsuite> <!-- Surefire test -->
